Removed Pin From Net: NetName=+12 Pin=C1-1
Removed Pin From Net: NetName=+12 Pin=C2-1
Removed Pin From Net: NetName=3.3 Pin=C3-1
Removed Pin From Net: NetName=3.3 Pin=C4-1
Removed Pin From Net: NetName=L Pin=PS2-1
Removed Pin From Net: NetName=N Pin=PS2-2
Removed Pin From Net: NetName=GND_ISO Pin=PS2-3
Removed Pin From Net: NetName=VCC Pin=PS2-4
Removed Pin From Net: NetName=L Pin=PS3-1
Removed Pin From Net: NetName=N Pin=PS3-2
Removed Pin From Net: NetName=GND_ISO Pin=PS3-3
Removed Pin From Net: NetName=VCC Pin=PS3-4
Removed Pin From Net: NetName=3.3 Pin=U1-2
Removed Pin From Net: NetName=+12 Pin=U1-3
Removed Member From Class: ClassName=Sheet1 Member=PS2
Removed Member From Class: ClassName=Sheet1 Member=PS3
Change Component Comment : Designator=XT1 Old Comment=20Mhz New Comment=8Mhz
Added Component: Designator=C19(0805)
Add component (AddParameter): Name = "Bottom"; Value = "10"; VariantName = "[No Variations]"
Add component (AddParameter): Name = "Right"; Value = "20"; VariantName = "[No Variations]"
Added Component: Designator=C20(tu hoa 5mm)
Add component (AddParameter): Name = "Chung_Loai"; Value = "C?m"; VariantName = "[No Variations]"
Add component (AddParameter): Name = "Don_Vi"; Value = "Con"; VariantName = "[No Variations]"
Add component (AddParameter): Name = "Kieu_Chan"; Value = ""; VariantName = "[No Variations]"
Add component (AddParameter): Name = "Ma_Hang"; Value = "MH001351"; VariantName = "[No Variations]"
Add component (AddParameter): Name = "So_Chan"; Value = "2"; VariantName = "[No Variations]"
Add component (AddParameter): Name = "Ten_Linh_Kien"; Value = "T? Hóa 100uF 25V 6x11MM"; VariantName = "[No Variations]"
Added Component: Designator=C21(tu hoa 5mm)
Add component (AddParameter): Name = "Chung_Loai"; Value = "C?m"; VariantName = "[No Variations]"
Add component (AddParameter): Name = "Don_Vi"; Value = "Con"; VariantName = "[No Variations]"
Add component (AddParameter): Name = "Kieu_Chan"; Value = ""; VariantName = "[No Variations]"
Add component (AddParameter): Name = "Ma_Hang"; Value = "MH001351"; VariantName = "[No Variations]"
Add component (AddParameter): Name = "So_Chan"; Value = "2"; VariantName = "[No Variations]"
Add component (AddParameter): Name = "Ten_Linh_Kien"; Value = "T? Hóa 100uF 25V 6x11MM"; VariantName = "[No Variations]"
Added Component: Designator=C22(0805)
Add component (AddParameter): Name = "Bottom"; Value = "10"; VariantName = "[No Variations]"
Add component (AddParameter): Name = "Right"; Value = "20"; VariantName = "[No Variations]"
Added Component: Designator=C23(0805)
Add component (AddParameter): Name = "Bottom"; Value = "10"; VariantName = "[No Variations]"
Add component (AddParameter): Name = "Right"; Value = "20"; VariantName = "[No Variations]"
Added Component: Designator=F1(De Cau Chi 520 630)
Add component (AddParameter): Name = "Ma_Hang"; Value = "MH001473"; VariantName = "[No Variations]"
Add component (AddParameter): Name = "Ten"; Value = "Ð? C?u Chì 5x20MM 6x30MM SMD01"; VariantName = "[No Variations]"
Added Component: Designator=L1(Cuon Cam 12x12x10)
Add component (AddParameter): Name = "Chung_Loai"; Value = "Dán"; VariantName = "[No Variations]"
Add component (AddParameter): Name = "Don_Vi"; Value = "Con"; VariantName = "[No Variations]"
Add component (AddParameter): Name = "Kieu_Chan"; Value = ""; VariantName = "[No Variations]"
Add component (AddParameter): Name = "Ma_Hang"; Value = ""; VariantName = "[No Variations]"
Add component (AddParameter): Name = "Ten_Linh_Kien"; Value = "Cu?n C?m 100uH 7x7x4MM CD74"; VariantName = "[No Variations]"
Added Component: Designator=POWER 12V(BIG_Header 2)
Added Component: Designator=Varistor(Cau chi tu phuc hoi 2A 24V SMD1812)
Add component (AddParameter): Name = "Ma_Hang"; Value = "MH010033"; VariantName = "[No Variations]"
Add component (AddParameter): Name = "Ten"; Value = "C?u Chì T? Ph?c H?i 2A 24V SMD1812"; VariantName = "[No Variations]"
Added Pin To Net: NetName=+5 Pin=C1-1
Added Pin To Net: NetName=+5 Pin=C2-1
Added Pin To Net: NetName=GND Pin=C19-2
Added Pin To Net: NetName=GND_ISO Pin=C20-2
Added Pin To Net: NetName=+12 Pin=C21-1
Added Pin To Net: NetName=GND Pin=C21-2
Added Pin To Net: NetName=GND Pin=C22-2
Added Pin To Net: NetName=GND Pin=C23-2
Added Pin To Net: NetName=VCC Pin=F1-2
Added Pin To Net: NetName=VCC Pin=F1-2
Added Pin To Net: NetName=3.3 Pin=L1-1
Added Pin To Net: NetName=GND_ISO Pin=POWER 12V-2
Added Pin To Net: NetName=+5 Pin=U1-3
Added Pin To Net: NetName=N Pin=Varistor-1
Added Pin To Net: NetName=L Pin=Varistor-2
Added Pin To Net: NetName=NetC3_1 Pin=C3-1
Added Pin To Net: NetName=NetC3_1 Pin=C4-1
Added Pin To Net: NetName=NetC3_1 Pin=L1-2
Added Pin To Net: NetName=NetC3_1 Pin=U1-2
Added Net: Name=NetC3_1
Added Pin To Net: NetName=NetC19_1 Pin=C19-1
Added Pin To Net: NetName=NetC19_1 Pin=S1-A
Added Pin To Net: NetName=NetC19_1 Pin=U4-18
Added Net: Name=NetC19_1
Added Pin To Net: NetName=NetC20_1 Pin=C20-1
Added Pin To Net: NetName=NetC20_1 Pin=F1-1
Added Pin To Net: NetName=NetC20_1 Pin=F1-1
Added Pin To Net: NetName=NetC20_1 Pin=POWER 12V-1
Added Net: Name=NetC20_1
Added Pin To Net: NetName=NetC22_1 Pin=C22-1
Added Pin To Net: NetName=NetC22_1 Pin=S1-B
Added Pin To Net: NetName=NetC22_1 Pin=U4-19
Added Net: Name=NetC22_1
Added Pin To Net: NetName=NetC23_1 Pin=C23-1
Added Pin To Net: NetName=NetC23_1 Pin=S1-1
Added Pin To Net: NetName=NetC23_1 Pin=U4-20
Added Net: Name=NetC23_1
Added Member To Class: ClassName=Sheet1 Member=Component C19 0.1uF
Added Member To Class: ClassName=Sheet1 Member=Component C20 100uF
Added Member To Class: ClassName=Sheet1 Member=Component C21 100uF
Added Member To Class: ClassName=Sheet1 Member=Component C22 0.1uF
Added Member To Class: ClassName=Sheet1 Member=Component C23 0.1uF
Added Member To Class: ClassName=Sheet1 Member=Component F1 520
Added Member To Class: ClassName=Sheet1 Member=Component L1 100uH - 3A SMD
Added Member To Class: ClassName=Sheet1 Member=Component POWER 12V Header 2
Added Member To Class: ClassName=Sheet1 Member=Component Varistor 2A 24V
Added Room: Name=Sheet1
